D:\VIKA_VITA\GLOBAL\Крестики нолики\USETICLIB\DEBUG\USETICLIB.EXE
D:\VIKA_VITA\GLOBAL\Крестики нолики\USETICLIB\DEBUG\USETICLIB.ILK
D:\VIKA_VITA\GLOBAL\КРЕСТИКИ НОЛИКИ\USETICLIB\DEBUG\USETICLIB.PDB
D:\vika_vita\Global\Крестики нолики\useticlib\useticlib\Debug\cl.command.1.tlog
D:\vika_vita\Global\Крестики нолики\useticlib\useticlib\Debug\CL.read.1.tlog
D:\vika_vita\Global\Крестики нолики\useticlib\useticlib\Debug\CL.write.1.tlog
D:\vika_vita\Global\Крестики нолики\useticlib\useticlib\Debug\link.516.read.1.tlog
D:\vika_vita\Global\Крестики нолики\useticlib\useticlib\Debug\link.516.write.1.tlog
D:\vika_vita\Global\Крестики нолики\useticlib\useticlib\Debug\link.516-cvtres.read.1.tlog
D:\vika_vita\Global\Крестики нолики\useticlib\useticlib\Debug\link.516-cvtres.write.1.tlog
D:\vika_vita\Global\Крестики нолики\useticlib\useticlib\Debug\link.command.1.tlog
D:\vika_vita\Global\Крестики нолики\useticlib\useticlib\Debug\link.read.1.tlog
D:\vika_vita\Global\Крестики нолики\useticlib\useticlib\Debug\link.write.1.tlog
D:\vika_vita\Global\Крестики нолики\useticlib\useticlib\Debug\link-cvtres.read.1.tlog
D:\vika_vita\Global\Крестики нолики\useticlib\useticlib\Debug\link-cvtres.write.1.tlog
D:\vika_vita\Global\Крестики нолики\useticlib\useticlib\Debug\mt.command.1.tlog
D:\vika_vita\Global\Крестики нолики\useticlib\useticlib\Debug\mt.read.1.tlog
D:\vika_vita\Global\Крестики нолики\useticlib\useticlib\Debug\mt.write.1.tlog
D:\vika_vita\Global\Крестики нолики\useticlib\useticlib\Debug\rc.command.1.tlog
D:\vika_vita\Global\Крестики нолики\useticlib\useticlib\Debug\rc.read.1.tlog
D:\vika_vita\Global\Крестики нолики\useticlib\useticlib\Debug\rc.write.1.tlog
D:\VIKA_VITA\GLOBAL\Крестики нолики\USETICLIB\USETICLIB\DEBUG\STDAFX.OBJ
D:\VIKA_VITA\GLOBAL\Крестики нолики\USETICLIB\USETICLIB\DEBUG\USETICLIB.EXE.EMBED.MANIFEST
D:\VIKA_VITA\GLOBAL\Крестики нолики\USETICLIB\USETICLIB\DEBUG\USETICLIB.EXE.EMBED.MANIFEST.RES
D:\VIKA_VITA\GLOBAL\Крестики нолики\USETICLIB\USETICLIB\DEBUG\USETICLIB.EXE.INTERMEDIATE.MANIFEST
D:\VIKA_VITA\GLOBAL\Крестики нолики\USETICLIB\USETICLIB\DEBUG\USETICLIB.OBJ
D:\VIKA_VITA\GLOBAL\Крестики нолики\USETICLIB\USETICLIB\DEBUG\USETICLIB.PCH
D:\vika_vita\Global\Крестики нолики\useticlib\useticlib\Debug\useticlib_manifest.rc
D:\vika_vita\Global\Крестики нолики\useticlib\useticlib\Debug\vc100.idb
D:\VIKA_VITA\GLOBAL\КРЕСТИКИ НОЛИКИ\USETICLIB\USETICLIB\DEBUG\VC100.PDB
