Build started 01.03.2012 15:52:04.
Project "D:\vika_vita\Global\Крестики нолики\useticlib\useticlib\useticlib.vcxproj" on node 2 (build target(s)).
InitializeBuildStatus:
  Creating "Debug\useticlib.unsuccessfulbuild" because "AlwaysCreate" was specified.
ClCompile:
  All outputs are up-to-date.
  C:\Program Files\Microsoft Visual Studio 10.0\VC\bin\CL.exe /c /ZI /nologo /W3 /WX- /Od /Oy- /D WIN32 /D _DEBUG /D _CONSOLE /D _UNICODE /D UNICODE /Gm /EHsc /RTC1 /MDd /GS /fp:precise /Zc:wchar_t /Zc:forScope /Yu"StdAfx.h" /Fp"Debug\useticlib.pch" /Fo"Debug\\" /Fd"Debug\vc100.pdb" /Gd /TP /analyze- /errorReport:prompt useticlib.cpp
  useticlib.cpp
ManifestResourceCompile:
  All outputs are up-to-date.
Link:
  C:\Program Files\Microsoft Visual Studio 10.0\VC\bin\link.exe /ERRORREPORT:PROMPT /OUT:"D:\vika_vita\Global\Крестики нолики\useticlib\Debug\useticlib.exe" /INCREMENTAL /NOLOGO kernel32.lib user32.lib gdi32.lib winspool.lib comdlg32.lib advapi32.lib shell32.lib ole32.lib oleaut32.lib uuid.lib odbc32.lib odbccp32.lib /MANIFEST /ManifestFile:"Debug\useticlib.exe.intermediate.manifest" /MANIFESTUAC:"level='asInvoker' uiAccess='false'" /DEBUG /PDB:"D:\vika_vita\Global\Крестики нолики\useticlib\Debug\useticlib.pdb" /SUBSYSTEM:CONSOLE /TLBID:1 /DYNAMICBASE /NXCOMPAT /IMPLIB:"D:\vika_vita\Global\Крестики нолики\useticlib\Debug\useticlib.lib" /MACHINE:X86 Debug\useticlib.exe.embed.manifest.res
  Debug\stdafx.obj
  Debug\useticlib.obj
Manifest:
  C:\Program Files\Microsoft SDKs\Windows\v7.0A\bin\mt.exe /nologo /verbose /out:"Debug\useticlib.exe.embed.manifest" /manifest Debug\useticlib.exe.intermediate.manifest
  All outputs are up-to-date.
LinkEmbedManifest:
  All outputs are up-to-date.
  useticlib.vcxproj -> D:\vika_vita\Global\Крестики нолики\useticlib\Debug\useticlib.exe
FinalizeBuildStatus:
  Deleting file "Debug\useticlib.unsuccessfulbuild".
  Touching "Debug\useticlib.lastbuildstate".
Done Building Project "D:\vika_vita\Global\Крестики нолики\useticlib\useticlib\useticlib.vcxproj" (build target(s)).

Build succeeded.

Time Elapsed 00:00:04.59
