Build started 01.03.2012 15:51:21.
Project "D:\vika_vita\Global\Крестики нолики\tictaclib\tictaclib\tictaclib.vcxproj" on node 2 (build target(s)).
InitializeBuildStatus:
  Creating "Debug\tictaclib.unsuccessfulbuild" because "AlwaysCreate" was specified.
ClCompile:
  All outputs are up-to-date.
  All outputs are up-to-date.
  C:\Program Files\Microsoft Visual Studio 10.0\VC\bin\CL.exe /c /ZI /nologo /W3 /WX- /Od /Oy- /D WIN32 /D _DEBUG /D _WINDOWS /D _USRDLL /D TICTACLIB_EXPORTS /D _WINDLL /D _UNICODE /D UNICODE /Gm /EHsc /RTC1 /MDd /GS /fp:precise /Zc:wchar_t /Zc:forScope /Yu"StdAfx.h" /Fp"Debug\tictaclib.pch" /Fo"Debug\\" /Fd"Debug\vc100.pdb" /Gd /TP /analyze- /errorReport:prompt tictaclib.cpp
  tictaclib.cpp
d:\vika_vita\global\крестики нолики\tictaclib\tictaclib\tictaclib.cpp(81): warning C4018: '<' : signed/unsigned mismatch
d:\vika_vita\global\крестики нолики\tictaclib\tictaclib\tictaclib.cpp(104): warning C4018: '<' : signed/unsigned mismatch
ManifestResourceCompile:
  All outputs are up-to-date.
Link:
  C:\Program Files\Microsoft Visual Studio 10.0\VC\bin\link.exe /ERRORREPORT:PROMPT /OUT:"D:\vika_vita\Global\Крестики нолики\tictaclib\Debug\tictaclib.dll" /INCREMENTAL /NOLOGO kernel32.lib user32.lib gdi32.lib winspool.lib comdlg32.lib advapi32.lib shell32.lib ole32.lib oleaut32.lib uuid.lib odbc32.lib odbccp32.lib /MANIFEST /ManifestFile:"Debug\tictaclib.dll.intermediate.manifest" /MANIFESTUAC:"level='asInvoker' uiAccess='false'" /DEBUG /PDB:"D:\vika_vita\Global\Крестики нолики\tictaclib\Debug\tictaclib.pdb" /SUBSYSTEM:WINDOWS /TLBID:1 /DYNAMICBASE /NXCOMPAT /IMPLIB:"D:\vika_vita\Global\Крестики нолики\tictaclib\Debug\tictaclib.lib" /MACHINE:X86 /DLL Debug\tictaclib.dll.embed.manifest.res
  Debug\dllmain.obj
  Debug\stdafx.obj
  Debug\tictaclib.obj
Manifest:
  C:\Program Files\Microsoft SDKs\Windows\v7.0A\bin\mt.exe /nologo /verbose /out:"Debug\tictaclib.dll.embed.manifest" /manifest Debug\tictaclib.dll.intermediate.manifest
  All outputs are up-to-date.
LinkEmbedManifest:
  All outputs are up-to-date.
  tictaclib.vcxproj -> D:\vika_vita\Global\Крестики нолики\tictaclib\Debug\tictaclib.dll
FinalizeBuildStatus:
  Deleting file "Debug\tictaclib.unsuccessfulbuild".
  Touching "Debug\tictaclib.lastbuildstate".
Done Building Project "D:\vika_vita\Global\Крестики нолики\tictaclib\tictaclib\tictaclib.vcxproj" (build target(s)).

Build succeeded.

Time Elapsed 00:00:02.57
